[debug] [2022-10-18T04:32:54.323Z] ----------------------------------------------------------------------
[debug] [2022-10-18T04:32:54.325Z] Command:       C:\Program Files\nodejs\node.exe C:\Users\RNW\AppData\Roaming\npm\node_modules\firebase-tools\lib\bin\firebase.js init
[debug] [2022-10-18T04:32:54.326Z] CLI Version:   11.14.4
[debug] [2022-10-18T04:32:54.326Z] Platform:      win32
[debug] [2022-10-18T04:32:54.326Z] Node Version:  v16.15.1
[debug] [2022-10-18T04:32:54.329Z] Time:          Tue Oct 18 2022 10:02:54 GMT+0530 (India Standard Time)
[debug] [2022-10-18T04:32:54.329Z] ----------------------------------------------------------------------
[debug] 
[debug] [2022-10-18T04:32:54.342Z] > command requires scopes: ["email","openid","https://www.googleapis.com/auth/cloudplatformprojects.readonly","https://www.googleapis.com/auth/firebase","https://www.googleapis.com/auth/cloud-platform"]
[debug] [2022-10-18T04:32:54.343Z] > authorizing via signed-in user (paneliyakrinali2@gmail.com)
[info] 
     ######## #### ########  ######## ########     ###     ######  ########
     ##        ##  ##     ## ##       ##     ##  ##   ##  ##       ##
     ######    ##  ########  ######   ########  #########  ######  ######
     ##        ##  ##    ##  ##       ##     ## ##     ##       ## ##
     ##       #### ##     ## ######## ########  ##     ##  ######  ########

You're about to initialize a Firebase project in this directory:

  C:\Users\RNW\react-e-commerce-website

[info] 
=== Project Setup
[info] 
[info] First, let's associate this project directory with a Firebase project.
[info] You can create multiple project aliases by running firebase use --add, 
[info] but for now we'll just set up a default project.
[info] 
[info] i  If you want to create a project in a Google Cloud organization or folder, please use "firebase projects:create" instead, and return to this command when you've created the project. 
[debug] [2022-10-18T04:34:35.116Z] >>> [apiv2][query] POST https://cloudresourcemanager.googleapis.com/v1/projects [none]
[debug] [2022-10-18T04:34:35.116Z] >>> [apiv2][body] POST https://cloudresourcemanager.googleapis.com/v1/projects {"projectId":"react-e-commerce-website","name":"react-e-commerce-website-70c00"}
[debug] [2022-10-18T04:34:36.815Z] <<< [apiv2][status] POST https://cloudresourcemanager.googleapis.com/v1/projects 409
[debug] [2022-10-18T04:34:36.815Z] <<< [apiv2][body] POST https://cloudresourcemanager.googleapis.com/v1/projects {"error":{"code":409,"message":"Requested entity already exists","status":"ALREADY_EXISTS"}}
[debug] [2022-10-18T04:34:37.052Z] FirebaseError: HTTP Error: 409, Requested entity already exists
    at responseToError (C:\Users\RNW\AppData\Roaming\npm\node_modules\firebase-tools\lib\responseToError.js:49:12)
    at RetryOperation._fn (C:\Users\RNW\AppData\Roaming\npm\node_modules\firebase-tools\lib\apiv2.js:288:77)
    at processTicksAndRejections (node:internal/process/task_queues:96:5)
[error] 
[error] Error: Failed to create project because there is already a project with ID react-e-commerce-website. Please try again with a unique project ID.
